Base path: C:/Program Files/Unity2018.2.5/Editor/Data
Cmd: initializeCompiler
Cmd: compileComputeKernel
  error: 2 plat 4 at Deferred.compute(77): failed to open source file: 'CoreRP/ShaderLibrary/Common.hlsl'
  api=4 insize=13247 outsize=0 ok=0
Cmd: compileComputeKernel
  error: 2 plat 4 at Deferred.compute(77): failed to open source file: 'CoreRP/ShaderLibrary/Common.hlsl'
  api=4 insize=13247 outsize=0 ok=0
Cmd: compileComputeKernel
  error: 2 plat 4 at Deferred.compute(77): failed to open source file: 'CoreRP/ShaderLibrary/Common.hlsl'
  api=4 insize=13247 outsize=0 ok=0
Cmd: compileComputeKernel
  error: 2 plat 4 at Deferred.compute(77): failed to open source file: 'CoreRP/ShaderLibrary/Common.hlsl'
  api=4 insize=13247 outsize=0 ok=0
Cmd: compileComputeKernel
  error: 2 plat 4 at Deferred.compute(77): failed to open source file: 'CoreRP/ShaderLibrary/Common.hlsl'
  api=4 insize=13247 outsize=0 ok=0
Cmd: compileComputeKernel
  error: 2 plat 4 at Deferred.compute(77): failed to open source file: 'CoreRP/ShaderLibrary/Common.hlsl'
  api=4 insize=13247 outsize=0 ok=0
Cmd: compileComputeKernel
  error: 2 plat 4 at Deferred.compute(77): failed to open source file: 'CoreRP/ShaderLibrary/Common.hlsl'
  api=4 insize=13247 outsize=0 ok=0
Cmd: compileComputeKernel
  error: 2 plat 4 at Deferred.compute(77): failed to open source file: 'CoreRP/ShaderLibrary/Common.hlsl'
  api=4 insize=13247 outsize=0 ok=0
Cmd: compileComputeKernel
  error: 2 plat 4 at Deferred.compute(77): failed to open source file: 'CoreRP/ShaderLibrary/Common.hlsl'
  api=4 insize=13247 outsize=0 ok=0
Cmd: compileComputeKernel
  error: 2 plat 4 at ScreenSpaceShadow.compute(10): failed to open source file: 'CoreRP/ShaderLibrary/Common.hlsl'
  api=4 insize=6933 outsize=0 ok=0
Cmd: compileComputeKernel
  error: 2 plat 4 at DepthPyramid.compute(1): failed to open source file: 'CoreRP/ShaderLibrary/Common.hlsl'
  api=4 insize=2868 outsize=0 ok=0
Cmd: compileComputeKernel
  error: 2 plat 4 at ComputeGgxIblSampleData.compute(3): failed to open source file: 'CoreRP/ShaderLibrary/Common.hlsl'
  api=4 insize=2449 outsize=0 ok=0
Cmd: compileComputeKernel
  error: 2 plat 4 at VolumetricLighting.compute(36): failed to open source file: 'CoreRP/ShaderLibrary/Common.hlsl'
  api=4 insize=32699 outsize=0 ok=0
Cmd: compileComputeKernel
  error: 2 plat 4 at VolumeVoxelization.compute(31): failed to open source file: 'CoreRP/ShaderLibrary/Common.hlsl'
  api=4 insize=15985 outsize=0 ok=0
Cmd: compileComputeKernel
  error: 2 plat 4 at ShadowBlurMoments.compute(80): failed to open source file: 'CoreRP/ShaderLibrary/Common.hlsl'
  api=4 insize=16784 outsize=0 ok=0
Cmd: compileComputeKernel
  error: 2 plat 4 at ShadowBlurMoments.compute(80): failed to open source file: 'CoreRP/ShaderLibrary/Common.hlsl'
  api=4 insize=16784 outsize=0 ok=0
Cmd: compileComputeKernel
  error: 2 plat 4 at ShadowBlurMoments.compute(80): failed to open source file: 'CoreRP/ShaderLibrary/Common.hlsl'
  api=4 insize=16784 outsize=0 ok=0
Cmd: compileComputeKernel
  error: 2 plat 4 at ShadowBlurMoments.compute(80): failed to open source file: 'CoreRP/ShaderLibrary/Common.hlsl'
  api=4 insize=16784 outsize=0 ok=0
Cmd: compileComputeKernel
  error: 2 plat 4 at ShadowBlurMoments.compute(80): failed to open source file: 'CoreRP/ShaderLibrary/Common.hlsl'
  api=4 insize=16784 outsize=0 ok=0
Cmd: compileComputeKernel
  error: 2 plat 4 at ShadowBlurMoments.compute(80): failed to open source file: 'CoreRP/ShaderLibrary/Common.hlsl'
  api=4 insize=16784 outsize=0 ok=0
Cmd: compileComputeKernel
  error: 2 plat 4 at ShadowBlurMoments.compute(80): failed to open source file: 'CoreRP/ShaderLibrary/Common.hlsl'
  api=4 insize=16784 outsize=0 ok=0
Cmd: compileComputeKernel
  error: 2 plat 4 at ShadowBlurMoments.compute(80): failed to open source file: 'CoreRP/ShaderLibrary/Common.hlsl'
  api=4 insize=16784 outsize=0 ok=0
Cmd: compileComputeKernel
  error: 2 plat 4 at ShadowBlurMoments.compute(80): failed to open source file: 'CoreRP/ShaderLibrary/Common.hlsl'
  api=4 insize=16784 outsize=0 ok=0
Cmd: compileComputeKernel
  error: 2 plat 4 at ShadowBlurMoments.compute(80): failed to open source file: 'CoreRP/ShaderLibrary/Common.hlsl'
  api=4 insize=16784 outsize=0 ok=0
Cmd: compileComputeKernel
  error: 2 plat 4 at materialflags.compute(6): failed to open source file: 'CoreRP/ShaderLibrary/Common.hlsl'
  api=4 insize=2845 outsize=0 ok=0
Cmd: initializeCompiler
Cmd: initializeCompiler
Cmd: initializeCompiler
Cmd: initializeCompiler
Cmd: initializeCompiler
Cmd: initializeCompiler
Cmd: initializeCompiler
Cmd: initializeCompiler
Cmd: initializeCompiler
Cmd: initializeCompiler
Cmd: initializeCompiler
Cmd: initializeCompiler
Cmd: initializeCompiler
